15:13:47.715 INFO  None a.e.s.Slf4jLogger - Slf4jLogger started
15:13:47.723 DEBUG EventStream(akka://ENSIME) a.e.EventStream - logger log1-Slf4jLogger started
15:13:47.726 DEBUG EventStream(akka://ENSIME) a.e.EventStream - Default Loggers started
15:13:47.755 INFO  None o.a.c.v.i.StandardFileSystemManager - Using "/var/folders/kp/77bnzfzn6bzgwgsbpx9b67b40000gn/T/vfs_cache" as temporary files store.
15:13:47.790 DEBUG akka://ENSIME/system/IO-TCP/selectors/$a/0 a.i.TcpListener - Successfully bound to /127.0.0.1:65329
15:13:47.793 INFO  akka://ENSIME/user/ensime-main/tcp-server o.e.s.t.TCPServer - Bound server on port 65329
15:13:47.797 INFO  None o.e.s.PortUtil$ - creating port file: /Users/jqno/workspaces/personal/foobal/tja/.ensime_cache/port
15:13:48.454 DEBUG None o.e.f.FileWatchService - init watcher
15:13:48.458 DEBUG None o.e.f.FileWatchService - start a background monitoring thread
15:13:48.459 DEBUG None o.e.f.FileWatchService - start monitoring WatchService events
15:13:48.477 DEBUG None o.e.f.FileWatchService - init watcher
15:13:48.477 DEBUG None o.e.f.FileWatchService - start a background monitoring thread
15:13:48.477 DEBUG None o.e.f.FileWatchService - start monitoring WatchService events
15:13:48.477 DEBUG None o.e.f.FileWatchService - init watcher
15:13:48.477 DEBUG None o.e.f.FileWatchService - start a background monitoring thread
15:13:48.478 DEBUG None o.e.f.FileWatchService - start monitoring WatchService events
15:13:53.348 DEBUG akka://ENSIME/system/IO-TCP/selectors/$a/1 a.i.TcpListener - Successfully bound to /127.0.0.1:65330
15:13:53.349 INFO  akka://ENSIME/user/ensime-main o.e.s.ServerActor - Environment:
15:13:53.350 INFO  akka://ENSIME/user/ensime-main o.e.s.ServerActor -   OS : Mac OS X
15:13:53.350 INFO  akka://ENSIME/user/ensime-main o.e.s.ServerActor -   Java : Java HotSpot(TM) 64-Bit Server VM 25.101-b13, Java(TM) SE Runtime Environment 1.8.0_101-b13
15:13:53.350 INFO  akka://ENSIME/user/ensime-main o.e.s.ServerActor -   Scala version: version 2.11.7
15:13:53.350 INFO  akka://ENSIME/user/ensime-main o.e.s.ServerActor -   Ensime : 1.0.0
15:13:53.350 INFO  akka://ENSIME/user/ensime-main o.e.s.ServerActor -   Built with Scala version: 2.11.8
15:13:53.351 INFO  akka://ENSIME/user/ensime-main o.e.s.ServerActor -   Built with sbt version: 0.13.11
15:13:53.351 INFO  akka://ENSIME/user/ensime-main o.e.s.ServerActor -   Built from git sha: cf6a0453d3a7890b3a711769cee081b497f535b6
15:13:53.351 INFO  akka://ENSIME/user/ensime-main o.e.s.ServerActor -   Built on: 2016-06-25 12:21:53.134
15:13:53.353 INFO  akka://ENSIME/user/ensime-main o.e.s.ServerActor - ENSIME HTTP on /127.0.0.1
15:13:53.354 INFO  None o.e.s.PortUtil$ - creating port file: /Users/jqno/workspaces/personal/foobal/tja/.ensime_cache/http
15:13:54.194 DEBUG akka://ENSIME/system/IO-TCP/selectors/$a/1 a.i.TcpListener - New connection accepted
15:13:54.287 DEBUG akka://ENSIME/system/IO-TCP/selectors/$a/1 a.i.TcpListener - New connection accepted
15:13:54.632 DEBUG akka://ENSIME/user/$a/0 o.e.s.RequestHandler - ConnectionInfoReq
15:13:54.632 DEBUG akka://ENSIME/user/ensime-main/project o.e.c.Project - received handled message ConnectionInfoReq in state awaitingConnectionInfoReq
15:13:54.634 DEBUG akka://ENSIME/user/$a/0 o.e.s.RequestHandler - received handled message ConnectionInfo(None,EnsimeImplementation(ENSIME),1.0) in state receive
15:13:54.797 INFO  None c.z.h.HikariDataSource - HikariCP pool HikariPool-0 is starting.
15:13:55.001 DEBUG None o.e.i.SearchService - findStaleFileChecks
15:13:55.005 DEBUG None o.e.i.SearchService - removing 0 stale files from the index
15:13:55.009 DEBUG None o.e.i.SearchService - Indexing bases...
15:13:55.011 DEBUG None o.e.i.SearchService - committing index to disk...
15:13:55.015 DEBUG None o.e.i.SearchService - ...done committing index
15:13:55.016 DEBUG akka://ENSIME/user/ensime-main/project o.e.c.Project - created 0 and removed 0 searchable rows
15:13:55.016 DEBUG akka://ENSIME/user/$a o.e.s.ConnectionHandler - received handled message IndexerReadyEvent
15:13:55.779 DEBUG akka://ENSIME/user/$a o.e.s.ConnectionHandler - received handled message SendBackgroundMessageEvent(Initializing Analyzer. Please wait...,105)
15:13:55.791 DEBUG akka://ENSIME/user/ensime-main/project/scalac o.e.c.Analyzer - received handled message FullTypeCheckCompleteEvent in state startup
15:13:55.791 DEBUG akka://ENSIME/user/$a o.e.s.ConnectionHandler - received handled message AnalyzerReadyEvent
15:13:55.792 DEBUG akka://ENSIME/user/$a o.e.s.ConnectionHandler - received handled message FullTypeCheckCompleteEvent
15:13:59.424 DEBUG akka://ENSIME/user/$a/1 o.e.s.RequestHandler - CompletionsReq(SourceFileInfo(/Users/jqno/workspaces/personal/foobal/tja/src/main/scala/CompletionTest.scala,Some(...),None),312,100,true,false)
15:13:59.425 DEBUG akka://ENSIME/user/ensime-main/project o.e.c.Project - received handled message CompletionsReq(SourceFileInfo(/Users/jqno/workspaces/personal/foobal/tja/src/main/scala/CompletionTest.scala,Some(...),None),312,100,true,false) in state handleRequests
15:13:59.425 DEBUG akka://ENSIME/user/ensime-main/project/scalac o.e.c.Analyzer - received handled message CompletionsReq(SourceFileInfo(/Users/jqno/workspaces/personal/foobal/tja/src/main/scala/CompletionTest.scala,Some(...),None),312,100,true,false) in state ready
15:13:59.885 DEBUG akka://ENSIME/user/$a/1 o.e.s.RequestHandler - received handled message CompletionInfoList(prin,List(CompletionInfo(Some(ArrowTypeInfo((Any) => Unit,(scala.Any) => scala.Unit,BasicTypeInfo(Unit,Class,scala.Unit,List(),List(),None),List(ParamSectionInfo(List((x,BasicTypeInfo(Any,Class,scala.Any,Li
15:14:09.344 DEBUG akka://ENSIME/user/$a/2 o.e.s.RequestHandler - CompletionsReq(SourceFileInfo(/Users/jqno/workspaces/personal/foobal/tja/src/main/scala/CompletionTest.scala,Some(...),None),312,100,true,false)
15:14:09.344 DEBUG akka://ENSIME/user/ensime-main/project o.e.c.Project - received handled message CompletionsReq(SourceFileInfo(/Users/jqno/workspaces/personal/foobal/tja/src/main/scala/CompletionTest.scala,Some(...),None),312,100,true,false) in state handleRequests
15:14:09.344 DEBUG akka://ENSIME/user/ensime-main/project/scalac o.e.c.Analyzer - received handled message CompletionsReq(SourceFileInfo(/Users/jqno/workspaces/personal/foobal/tja/src/main/scala/CompletionTest.scala,Some(...),None),312,100,true,false) in state ready
15:14:09.378 DEBUG akka://ENSIME/user/$a/2 o.e.s.RequestHandler - received handled message CompletionInfoList(prin,List(CompletionInfo(Some(ArrowTypeInfo((Any) => Unit,(scala.Any) => scala.Unit,BasicTypeInfo(Unit,Class,scala.Unit,List(),List(),None),List(ParamSectionInfo(List((x,BasicTypeInfo(Any,Class,scala.Any,Li
15:14:14.911 DEBUG akka://ENSIME/user/$a/3 o.e.s.RequestHandler - CompletionsReq(SourceFileInfo(/Users/jqno/workspaces/personal/foobal/tja/src/main/scala/CompletionTest.scala,Some(...),None),318,100,true,false)
15:14:14.912 DEBUG akka://ENSIME/user/ensime-main/project o.e.c.Project - received handled message CompletionsReq(SourceFileInfo(/Users/jqno/workspaces/personal/foobal/tja/src/main/scala/CompletionTest.scala,Some(...),None),318,100,true,false) in state handleRequests
15:14:14.912 DEBUG akka://ENSIME/user/ensime-main/project/scalac o.e.c.Analyzer - received handled message CompletionsReq(SourceFileInfo(/Users/jqno/workspaces/personal/foobal/tja/src/main/scala/CompletionTest.scala,Some(...),None),318,100,true,false) in state ready
15:14:14.942 DEBUG akka://ENSIME/user/$a/3 o.e.s.RequestHandler - received handled message CompletionInfoList(he,List(CompletionInfo(Some(BasicTypeInfo(String,Class,java.lang.String,List(),List(),None)),hello,CompletionSignature(List(),java.lang.String,false),false,80,None))) in state receive
15:14:23.789 DEBUG akka://ENSIME/user/$a/4 o.e.s.RequestHandler - CompletionsReq(SourceFileInfo(/Users/jqno/workspaces/personal/foobal/tja/src/main/scala/CompletionTest.scala,Some(...),None),318,100,true,false)
15:14:23.789 DEBUG akka://ENSIME/user/ensime-main/project o.e.c.Project - received handled message CompletionsReq(SourceFileInfo(/Users/jqno/workspaces/personal/foobal/tja/src/main/scala/CompletionTest.scala,Some(...),None),318,100,true,false) in state handleRequests
15:14:23.789 DEBUG akka://ENSIME/user/ensime-main/project/scalac o.e.c.Analyzer - received handled message CompletionsReq(SourceFileInfo(/Users/jqno/workspaces/personal/foobal/tja/src/main/scala/CompletionTest.scala,Some(...),None),318,100,true,false) in state ready
15:14:23.812 DEBUG akka://ENSIME/user/$a/4 o.e.s.RequestHandler - received handled message CompletionInfoList(he,List(CompletionInfo(Some(BasicTypeInfo(String,Class,java.lang.String,List(),List(),None)),hello,CompletionSignature(List(),java.lang.String,false),false,80,None))) in state receive
